<?xml version="1.0" encoding="UTF-8"?>
<testsuite name="com.project.study.springboot.web.dto.HelloResponseDtoTest" tests="1" skipped="0" failures="0" errors="0" timestamp="2021-03-17T14:26:25" hostname="DESKTOP-HV79L7T" time="0.002">
  <properties/>
  <testcase name="롬복_기능_테스트" classname="com.project.study.springboot.web.dto.HelloResponseDtoTest" time="0.002"/>
  <system-out><![CDATA[]]></system-out>
  <system-err><![CDATA[]]></system-err>
</testsuite>
