<?xml version="1.0" encoding="UTF-8"?>
<testsuite name="com.project.study.springboot.web.PostsApiControllerTest" tests="2" skipped="0" failures="0" errors="0" timestamp="2021-03-17T14:26:27" hostname="DESKTOP-HV79L7T" time="0.075">
  <properties/>
  <testcase name="Posts_등록된다" classname="com.project.study.springboot.web.PostsApiControllerTest" time="0.053"/>
  <testcase name="Posts_수정된다" classname="com.project.study.springboot.web.PostsApiControllerTest" time="0.022"/>
  <system-out><![CDATA[2021-03-17 23:26:27.227  INFO 27116 --- [    Test worker] .b.t.c.SpringBootTestContextBootstrapper : Neither @ContextConfiguration nor @ContextHierarchy found for test class [com.project.study.springboot.web.PostsApiControllerTest], using SpringBootContextLoader
2021-03-17 23:26:27.228  INFO 27116 --- [    Test worker] o.s.t.c.support.AbstractContextLoader    : Could not detect default resource locations for test class [com.project.study.springboot.web.PostsApiControllerTest]: no resource found for suffixes {-context.xml, Context.groovy}.
2021-03-17 23:26:27.228  INFO 27116 --- [    Test worker] t.c.s.AnnotationConfigContextLoaderUtils : Could not detect default configuration classes for test class [com.project.study.springboot.web.PostsApiControllerTest]: PostsApiControllerTest does not declare any static, non-private, non-final, nested classes annotated with @Configuration.
2021-03-17 23:26:27.230  INFO 27116 --- [    Test worker] .b.t.c.SpringBootTestContextBootstrapper : Found @SpringBootConfiguration com.project.study.springboot.Application for test class com.project.study.springboot.web.PostsApiControllerTest
2021-03-17 23:26:27.231  INFO 27116 --- [    Test worker] .b.t.c.SpringBootTestContextBootstrapper : Loaded default TestExecutionListener class names from location [META-INF/spring.factories]: [org.springframework.security.test.context.support.WithSecurityContextTestExecutionListener, org.springframework.security.test.context.support.ReactorContextTestExecutionListener, org.springframework.boot.test.autoconfigure.restdocs.RestDocsTestExecutionListener, org.springframework.boot.test.autoconfigure.web.client.MockRestServiceServerResetTestExecutionListener, org.springframework.boot.test.autoconfigure.web.servlet.MockMvcPrintOnlyOnFailureTestExecutionListener, org.springframework.boot.test.autoconfigure.web.servlet.WebDriverTestExecutionListener, org.springframework.boot.test.mock.mockito.MockitoTestExecutionListener, org.springframework.boot.test.mock.mockito.ResetMocksTestExecutionListener, org.springframework.test.context.web.ServletTestExecutionListener, org.springframework.test.context.support.DirtiesContextBeforeModesTestExecutionListener, org.springframework.test.context.support.DependencyInjectionTestExecutionListener, org.springframework.test.context.support.DirtiesContextTestExecutionListener, org.springframework.test.context.transaction.TransactionalTestExecutionListener, org.springframework.test.context.jdbc.SqlScriptsTestExecutionListener]
2021-03-17 23:26:27.232  INFO 27116 --- [    Test worker] .b.t.c.SpringBootTestContextBootstrapper : Using TestExecutionListeners: [org.springframework.test.context.web.ServletTestExecutionListener@510a3c8b, org.springframework.test.context.support.DirtiesContextBeforeModesTestExecutionListener@e26fe72, org.springframework.boot.test.mock.mockito.MockitoTestExecutionListener@44d75521, org.springframework.boot.test.autoconfigure.SpringBootDependencyInjectionTestExecutionListener@481001ca, org.springframework.test.context.support.DirtiesContextTestExecutionListener@48fe9227, org.springframework.test.context.transaction.TransactionalTestExecutionListener@71123024, org.springframework.test.context.jdbc.SqlScriptsTestExecutionListener@f920d7a, org.springframework.security.test.context.support.WithSecurityContextTestExecutionListener@47c44313, org.springframework.security.test.context.support.ReactorContextTestExecutionListener@7b978e66, org.springframework.boot.test.autoconfigure.restdocs.RestDocsTestExecutionListener@1b640220, org.springframework.boot.test.autoconfigure.web.client.MockRestServiceServerResetTestExecutionListener@40225eb, org.springframework.boot.test.autoconfigure.web.servlet.MockMvcPrintOnlyOnFailureTestExecutionListener@61bb32a3, org.springframework.boot.test.autoconfigure.web.servlet.WebDriverTestExecutionListener@2698744c, org.springframework.boot.test.mock.mockito.ResetMocksTestExecutionListener@1dd607bd]
2021-03-17 23:26:27.239  INFO 27116 --- [    Test worker] o.a.c.c.C.[Tomcat].[localhost].[/]       : Initializing Spring TestDispatcherServlet ''
2021-03-17 23:26:27.239  INFO 27116 --- [    Test worker] o.s.t.web.servlet.TestDispatcherServlet  : Initializing Servlet ''
2021-03-17 23:26:27.240  INFO 27116 --- [    Test worker] o.s.t.web.servlet.TestDispatcherServlet  : Completed initialization in 1 ms
Hibernate: insert into posts (id, created_date, modified_date, author, content, title) values (null, ?, ?, ?, ?, ?)
Hibernate: select posts0_.id as id1_0_, posts0_.created_date as created_2_0_, posts0_.modified_date as modified3_0_, posts0_.author as author4_0_, posts0_.content as content5_0_, posts0_.title as title6_0_ from posts posts0_
Hibernate: select posts0_.id as id1_0_, posts0_.created_date as created_2_0_, posts0_.modified_date as modified3_0_, posts0_.author as author4_0_, posts0_.content as content5_0_, posts0_.title as title6_0_ from posts posts0_
Hibernate: delete from posts where id=?
2021-03-17 23:26:27.289  INFO 27116 --- [    Test worker] o.a.c.c.C.[Tomcat].[localhost].[/]       : Initializing Spring TestDispatcherServlet ''
2021-03-17 23:26:27.289  INFO 27116 --- [    Test worker] o.s.t.web.servlet.TestDispatcherServlet  : Initializing Servlet ''
2021-03-17 23:26:27.291  INFO 27116 --- [    Test worker] o.s.t.web.servlet.TestDispatcherServlet  : Completed initialization in 2 ms
Hibernate: insert into posts (id, created_date, modified_date, author, content, title) values (null, ?, ?, ?, ?, ?)
Hibernate: select posts0_.id as id1_0_0_, posts0_.created_date as created_2_0_0_, posts0_.modified_date as modified3_0_0_, posts0_.author as author4_0_0_, posts0_.content as content5_0_0_, posts0_.title as title6_0_0_ from posts posts0_ where posts0_.id=?
Hibernate: update posts set created_date=?, modified_date=?, author=?, content=?, title=? where id=?
Hibernate: select posts0_.id as id1_0_, posts0_.created_date as created_2_0_, posts0_.modified_date as modified3_0_, posts0_.author as author4_0_, posts0_.content as content5_0_, posts0_.title as title6_0_ from posts posts0_
Hibernate: select posts0_.id as id1_0_, posts0_.created_date as created_2_0_, posts0_.modified_date as modified3_0_, posts0_.author as author4_0_, posts0_.content as content5_0_, posts0_.title as title6_0_ from posts posts0_
Hibernate: delete from posts where id=?
]]></system-out>
  <system-err><![CDATA[]]></system-err>
</testsuite>
